<?xml version="1.0" encoding="UTF-8"?>
<!-- Generated by org.testng.reporters.JUnitReportReporter -->
<testsuite skipped="0" hostname="CRC-LP-10" name="com.SmartCredit.Base_SmartCredit" tests="1" failures="0" timestamp="2020-05-14T18:47:37 IST" time="54.855" errors="0">
  <testcase name="SmartCredit" time="54.855" classname="com.SmartCredit.Base_SmartCredit"/>
  <system-out/>
</testsuite> <!-- com.SmartCredit.Base_SmartCredit -->
