<?xml version="1.0" encoding="UTF-8"?>
<!-- Generated by org.testng.reporters.JUnitReportReporter -->
<testsuite skipped="0" hostname="CRC-LP-10" name="com.IdentityIQ.Base_Idiq" tests="1" failures="0" timestamp="2020-05-19T13:15:50 IST" time="59.554" errors="0">
  <testcase name="identityIq" time="59.554" classname="com.IdentityIQ.Base_Idiq"/>
  <system-out/>
</testsuite> <!-- com.IdentityIQ.Base_Idiq -->
