<?xml version="1.0" encoding="UTF-8"?>
<!-- Generated by org.testng.reporters.JUnitReportReporter -->
<testsuite skipped="0" hostname="CRC-LP-10" name="com.PrivacyGuard.Base_PrivacyGuard" tests="1" failures="0" timestamp="2020-05-13T18:30:58 IST" time="51.838" errors="0">
  <testcase name="privacyGuard" time="51.838" classname="com.PrivacyGuard.Base_PrivacyGuard"/>
  <system-out/>
</testsuite> <!-- com.PrivacyGuard.Base_PrivacyGuard -->
