<?xml version="1.0" encoding="UTF-8"?>
<!-- Generated by org.testng.reporters.JUnitReportReporter -->
<testsuite skipped="0" hostname="CRC-LP-10" name="com.Crc.Base.VerifyLoginPage" tests="1" failures="0" timestamp="2020-05-11T15:56:00 IST" time="26.252" errors="0">
  <testcase name="ValidLogin" time="26.252" classname="com.Crc.Base.VerifyLoginPage"/>
  <system-out/>
</testsuite> <!-- com.Crc.Base.VerifyLoginPage -->
