<?xml version="1.0" encoding="UTF-8"?>
<!-- Generated by org.testng.reporters.JUnitReportReporter -->
<testsuite skipped="0" hostname="CRC-LP-10" name="com.MyFreeScoreNow.Base_MyFreeScore" tests="1" failures="0" timestamp="2020-05-14T18:50:07 IST" time="50.976" errors="0">
  <testcase name="myFreeScoreNow" time="50.976" classname="com.MyFreeScoreNow.Base_MyFreeScore"/>
  <system-out/>
</testsuite> <!-- com.MyFreeScoreNow.Base_MyFreeScore -->
