<?xml version="1.0" encoding="UTF-8"?>
<!-- Generated by org.testng.reporters.JUnitReportReporter -->
<testsuite skipped="0" hostname="CRC-LP-10" name="com.Crc.Base.BaseClass" tests="1" failures="0" timestamp="2020-05-11T18:24:31 IST" time="48.022" errors="0">
  <testcase name="ValidLogin" time="48.022" classname="com.Crc.Base.BaseClass"/>
  <system-out/>
</testsuite> <!-- com.Crc.Base.BaseClass -->
